[2025-02-10 04:00:52] [INFO] LogHandler initialized successfully
[2025-02-10 04:00:52] [INFO] メインフレームを初期化しました
[2025-02-10 04:00:52] [INFO] テストデータを読み込みました
[2025-02-10 04:00:52] [INFO] 画面遷移コントローラーを初期化しました
[2025-02-10 04:00:52] [INFO] メインコントローラーを初期化しました
[2025-02-10 04:00:52] [INFO] パネルを切り替えました: ListPanel
[2025-02-10 04:00:52] [INFO] 画面を切り替えました: LIST
[2025-02-10 04:00:52] [INFO] アプリケーションを初期化しました
[2025-02-10 04:00:52] [INFO] アプリケーションを起動しました
[2025-02-10 04:06:55] [INFO] LogHandler initialized successfully
[2025-02-10 04:06:55] [INFO] テストモードでアプリケーションを起動します
[2025-02-10 04:06:55] [INFO] メインフレームを初期化しました
[2025-02-10 04:06:56] [INFO] テストデータを読み込みました
[2025-02-10 04:06:56] [INFO] テストデータを読み込みました
[2025-02-10 04:06:56] [SEVERE] テストエラーメッセージ
[2025-02-10 04:11:40] [INFO] LogHandler initialized successfully
[2025-02-10 04:11:40] [INFO] テストモードでアプリケーションを起動します
[2025-02-10 04:11:40] [INFO] メインフレームを初期化しました
[2025-02-10 04:11:40] [INFO] テストデータを読み込みました
[2025-02-10 04:11:40] [INFO] テストデータを読み込みました
[2025-02-10 04:11:40] [SEVERE] テストエラーメッセージ
[2025-02-10 04:11:59] [INFO] LogHandler initialized successfully
[2025-02-10 04:11:59] [INFO] テストモードでアプリケーションを起動します
[2025-02-10 04:11:59] [INFO] メインフレームを初期化しました
[2025-02-10 04:11:59] [INFO] テストデータを読み込みました
[2025-02-10 04:11:59] [INFO] テストデータを読み込みました
[2025-02-10 04:11:59] [SEVERE] テストエラーメッセージ
